<?xml version="1.0" encoding="UTF-8"?>
<testng-results ignored="0" total="1" passed="1" failed="0" skipped="0">
  <reporter-output>
  </reporter-output>
  <suite started-at="2022-08-20T20:25:25 EET" name="Default suite" finished-at="2022-08-20T20:28:24 EET" duration-ms="178945">
    <groups>
    </groups>
    <test started-at="2022-08-20T20:25:25 EET" name="Default test" finished-at="2022-08-20T20:28:24 EET" duration-ms="178945">
      <class name="tests.Project">
        <test-method is-config="true" signature="launchDriver()[pri:0, instance:tests.Project@4f2b503c]" started-at="2022-08-20T20:25:13 EET" name="launchDriver" finished-at="2022-08-20T20:25:25 EET" duration-ms="11992" status="PASS">
          <reporter-output>
          </reporter-output>
        </test-method> <!-- launchDriver -->
        <test-method signature="automationTaskVOIS()[pri:0, instance:tests.Project@4f2b503c]" started-at="2022-08-20T20:25:25 EET" name="automationTaskVOIS" finished-at="2022-08-20T20:28:24 EET" duration-ms="178924" status="PASS">
          <reporter-output>
          </reporter-output>
        </test-method> <!-- automationTaskVOIS -->
      </class> <!-- tests.Project -->
    </test> <!-- Default test -->
  </suite> <!-- Default suite -->
</testng-results>
